-------------------------------------------------------------------------------
Test set: runner.TestRunner
-------------------------------------------------------------------------------
Tests run: 1, Failures: 0, Errors: 1, Skipped: 0, Time elapsed: 1.352 s <<< FAILURE! - in runner.TestRunner
Verification of Reset button(Reset functionality on login page of Application)  Time elapsed: 0.277 s  <<< ERROR!
io.cucumber.junit.UndefinedStepException: 
The step 'Open the chrome and launch the application' and 2 other step(s) are undefined.
You can implement these steps using the snippet(s) below:

@Given("Open the chrome and launch the application")
public void open_the_chrome_and_launch_the_application() {
    // Write code here that turns the phrase above into concrete actions
    throw new io.cucumber.java.PendingException();
}
Given("Open the chrome and launch the application", () -> {
    // Write code here that turns the phrase above into concrete actions
    throw new io.cucumber.java8.PendingException();
});
@When("Enter the Username and Password")
public void enter_the_username_and_password() {
    // Write code here that turns the phrase above into concrete actions
    throw new io.cucumber.java.PendingException();
}
When("Enter the Username and Password", () -> {
    // Write code here that turns the phrase above into concrete actions
    throw new io.cucumber.java8.PendingException();
});
@Then("Reset the credential")
public void reset_the_credential() {
    // Write code here that turns the phrase above into concrete actions
    throw new io.cucumber.java.PendingException();
}
Then("Reset the credential", () -> {
    // Write code here that turns the phrase above into concrete actions
    throw new io.cucumber.java8.PendingException();
});


